My PID: 32788

From a new terminal type `kill -SIGINT 32788` or `kill -SIGTERM 32788` to stop processing packets

My ID: 9

List of resolved hosts is:
==========================
1
Human-readable IP: 127.0.0.1
Human-readable Port: 11001

2
Human-readable IP: 127.0.0.1
Human-readable Port: 11002

3
Human-readable IP: 127.0.0.1
Human-readable Port: 11003

4
Human-readable IP: 127.0.0.1
Human-readable Port: 11004

5
Human-readable IP: 127.0.0.1
Human-readable Port: 11005

6
Human-readable IP: 127.0.0.1
Human-readable Port: 11006

7
Human-readable IP: 127.0.0.1
Human-readable Port: 11007

8
Human-readable IP: 127.0.0.1
Human-readable Port: 11008

9
Human-readable IP: 127.0.0.1
Human-readable Port: 11009


Path to output:
===============
/Users/manon/Library/Mobile Documents/com~apple~CloudDocs/MA3/DA/Project.nosync/CS451-2021-project/logs/proc09.output

Path to config:
===============
logs/config

Config content:
===============
Number of messages each process should send: 100
Dependencies: {1=[2, 6, 8, 9], 2=[1, 3, 4, 7], 3=[2, 4, 6, 9], 4=[3, 5, 6, 9], 5=[1, 2, 3, 4], 6=[1, 2, 4, 5], 7=[1, 2, 3, 5], 8=[1, 3, 4, 5], 9=[1, 2, 5, 6]}

Doing some initialization

Min ack: 5
Other hosts: [1, 2, 3, 4, 5, 6, 7, 8]
Expecting :800 messages
Config type :lcausal
Broadcasting and delivering messages...

b 1
d 9 1
b 2
d 9 2
b 3
d 9 3
b 4
d 9 4
b 5
d 9 5
b 6
d 9 6
b 7
d 9 7
b 8
d 9 8
b 9
d 9 9
b 10
d 9 10
b 11
d 9 11
b 12
d 9 12
b 13
d 9 13
b 14
d 9 14
b 15
d 9 15
b 16
d 9 16
b 17
d 9 17
b 18
d 9 18
b 19
d 9 19
b 20
d 9 20
b 21
d 9 21
b 22
d 9 22
b 23
d 9 23
b 24
d 9 24
b 25
d 9 25
b 26
d 9 26
b 27
d 9 27
b 28
d 9 28
b 29
d 9 29
b 30
d 9 30
b 31
d 9 31
b 32
d 9 32
b 33
d 9 33
b 34
d 9 34
b 35
d 9 35
b 36
d 9 36
b 37
d 9 37
b 38
d 9 38
b 39
d 9 39
b 40
d 9 40
b 41
d 9 41
b 42
d 9 42
b 43
d 9 43
b 44
d 9 44
b 45
d 9 45
b 46
d 9 46
b 47
d 9 47
b 48
d 9 48
b 49
d 9 49
b 50
d 9 50
b 51
d 9 51
b 52
d 9 52
b 53
d 9 53
b 54
d 9 54
b 55
d 9 55
b 56
d 9 56
b 57
d 9 57
b 58
d 9 58
b 59
d 9 59
b 60
d 9 60
b 61
d 9 61
b 62
d 9 62
b 63
d 9 63
b 64
d 9 64
b 65
d 9 65
b 66
d 9 66
b 67
d 9 67
b 68
d 9 68
b 69
d 9 69
b 70
d 9 70
b 71
d 9 71
b 72
d 9 72
b 73
d 9 73
b 74
d 9 74
b 75
d 9 75
b 76
d 9 76
b 77
d 4 1
d 9 77
b 78
d 9 78
b 79
d 9 79
b 80
d 9 80
b 81
d 9 81
b 82
d 9 82
b 83
d 9 83
b 84
d 9 84
b 85
d 9 85
b 86
d 9 86
b 87
d 9 87
b 88
d 9 88
b 89
d 9 89
b 90
d 9 90
b 91
d 4 2
d 9 91
b 92
d 9 92
b 93
d 9 93
b 94
d 9 94
b 95
d 9 95
b 96
d 9 96
b 97
d 9 97
b 98
d 9 98
b 99
d 9 99
b 100
d 9 100
d 4 3
d 3 1
d 1 1
d 1 2
d 1 3
d 1 4
d 1 5
d 1 6
d 1 7
d 1 8
d 2 1
d 1 9
d 1 10
d 1 11
d 1 12
d 1 13
d 1 14
d 1 15
d 1 16
d 1 17
d 1 18
d 1 19
d 1 20
d 1 21
d 1 22
d 1 23
d 1 24
d 1 25
d 1 26
d 1 27
d 1 28
d 1 29
d 1 30
d 1 31
d 1 32
d 1 33
d 1 34
d 1 35
d 1 36
d 1 37
d 1 38
d 1 39
d 1 40
d 1 41
d 1 42
d 1 43
d 1 44
d 1 45
d 1 46
d 1 47
d 1 48
d 1 49
d 1 50
d 1 51
d 1 52
d 1 53
d 1 54
d 1 55
d 1 56
d 1 57
d 1 58
d 1 59
d 1 60
d 1 61
d 1 62
d 1 63
d 1 64
d 1 65
d 1 66
d 1 67
d 1 68
d 1 69
d 1 70
d 1 71
d 1 72
d 1 73
d 1 74
d 1 75
d 1 76
d 1 77
d 1 78
d 1 79
d 1 80
d 1 81
d 1 82
d 1 83
d 1 84
d 1 85
d 1 86
d 1 87
d 1 88
d 1 89
d 1 90
d 1 91
d 1 92
d 1 93
d 1 94
d 1 95
d 1 96
d 1 97
d 1 98
d 1 99
d 1 100
d 2 2
d 3 2
d 3 3
d 2 3
d 2 4
d 2 5
d 2 6
d 2 7
d 2 8
d 2 9
d 2 10
d 2 11
d 2 12
d 2 13
d 2 14
d 2 15
d 2 16
d 2 17
d 2 18
d 2 19
d 2 20
d 2 21
d 2 22
d 2 23
d 2 24
d 2 25
d 2 26
d 2 27
d 2 28
d 2 29
d 2 30
d 2 31
d 2 32
d 2 33
d 2 34
d 2 35
d 2 36
d 2 37
d 2 38
d 2 39
d 2 40
d 2 41
d 2 42
d 2 43
d 2 44
d 2 45
d 2 46
d 2 47
d 2 48
d 2 49
d 2 50
d 2 51
d 2 52
d 2 53
d 2 54
d 2 55
d 2 56
d 2 57
d 2 58
d 2 59
d 2 60
d 2 61
d 2 62
d 2 63
d 2 64
d 2 65
d 2 66
d 2 67
d 2 68
d 2 69
d 2 70
d 2 71
d 2 72
d 2 73
d 2 74
d 2 75
d 2 76
d 2 77
d 2 78
d 2 79
d 2 80
d 2 81
d 2 82
d 2 83
d 2 84
d 2 85
d 2 86
d 2 87
d 2 88
d 2 89
d 2 90
d 2 91
d 2 92
d 2 93
d 2 94
d 2 95
d 2 96
d 2 97
d 2 98
d 2 99
d 2 100
d 4 4
d 4 5
d 3 4
d 3 5
d 3 6
d 3 7
d 3 8
d 5 1
d 3 9
d 3 10
d 3 11
d 3 12
d 3 13
d 3 14
d 3 15
d 3 16
d 3 17
d 3 18
d 3 19
d 3 20
d 3 21
d 3 22
d 3 23
d 3 24
d 3 25
d 3 26
d 3 27
d 3 28
d 3 29
d 3 30
d 3 31
d 3 32
d 3 33
d 3 34
d 3 35
d 3 36
d 3 37
d 3 38
d 3 39
d 3 40
d 3 41
d 3 42
d 3 43
d 3 44
d 3 45
d 3 46
d 3 47
d 3 48
d 3 49
d 3 50
d 3 51
d 3 52
d 3 53
d 3 54
d 3 55
d 3 56
d 3 57
d 3 58
d 3 59
d 3 60
d 3 61
d 3 62
d 3 63
d 3 64
d 3 65
d 3 66
d 3 67
d 3 68
d 3 69
d 3 70
d 3 71
d 3 72
d 3 73
d 3 74
d 3 75
d 3 76
d 3 77
d 3 78
d 3 79
d 3 80
d 3 81
d 3 82
d 3 83
d 3 84
d 3 85
d 3 86
d 3 87
d 3 88
d 3 89
d 3 90
d 3 91
d 3 92
d 3 93
d 3 94
d 3 95
d 3 96
d 3 97
d 3 98
d 3 99
d 3 100
d 5 2
d 5 3
d 4 6
d 4 7
d 5 4
d 4 8
d 4 9
d 4 10
d 4 11
d 4 12
d 4 13
d 4 14
d 4 15
d 4 16
d 4 17
d 4 18
d 4 19
d 4 20
d 4 21
d 4 22
d 4 23
d 4 24
d 4 25
d 4 26
d 4 27
d 4 28
d 4 29
d 4 30
d 4 31
d 4 32
d 4 33
d 4 34
d 4 35
d 4 36
d 4 37
d 4 38
d 4 39
d 4 40
d 4 41
d 4 42
d 4 43
d 4 44
d 4 45
d 4 46
d 4 47
d 4 48
d 4 49
d 4 50
d 4 51
d 4 52
d 4 53
d 4 54
d 4 55
d 4 56
d 4 57
d 4 58
d 4 59
d 4 60
d 4 61
d 4 62
d 4 63
d 4 64
d 4 65
d 4 66
d 4 67
d 4 68
d 4 69
d 4 70
d 4 71
d 4 72
d 4 73
d 4 74
d 4 75
d 4 76
d 4 77
d 4 78
d 4 79
d 4 80
d 4 81
d 4 82
d 4 83
d 4 84
d 4 85
d 4 86
d 4 87
d 4 88
d 4 89
d 4 90
d 4 91
d 4 92
d 4 93
d 4 94
d 4 95
d 4 96
d 4 97
d 4 98
d 5 5
d 4 99
d 4 100
d 5 6
d 5 7
d 5 8
d 5 9
d 5 10
d 5 11
d 5 12
d 5 13
d 5 14
d 5 15
d 5 16
d 5 17
d 5 18
d 5 19
d 5 20
d 5 21
d 5 22
d 5 23
d 5 24
d 5 25
d 5 26
d 5 27
d 5 28
d 5 29
d 5 30
d 5 31
d 5 32
d 5 33
d 5 34
d 5 35
d 5 36
d 5 37
d 5 38
d 5 39
d 5 40
d 5 41
d 5 42
d 5 43
d 5 44
d 5 45
d 5 46
d 5 47
d 5 48
d 5 49
d 5 50
d 5 51
d 5 52
d 5 53
d 5 54
d 5 55
d 5 56
d 5 57
d 5 58
d 5 59
d 5 60
d 5 61
d 5 62
d 5 63
d 5 64
d 5 65
d 5 66
d 5 67
d 5 68
d 5 69
d 5 70
d 5 71
d 5 72
d 5 73
d 5 74
d 5 75
d 5 76
d 5 77
d 5 78
d 5 79
d 5 80
d 5 81
d 5 82
d 5 83
d 5 84
d 5 85
d 5 86
d 5 87
d 5 88
d 5 89
d 5 90
d 5 91
d 5 92
d 5 93
d 5 94
d 5 95
d 6 1
d 6 2
d 6 3
d 6 4
d 5 96
d 5 97
d 5 98
d 5 99
d 5 100
d 6 5
d 6 6
d 6 7
d 6 8
d 7 1
d 8 1
d 8 2
d 6 9
d 6 10
d 6 11
d 6 12
d 6 13
d 6 14
d 6 15
d 6 16
d 6 17
d 6 18
d 6 19
d 6 20
d 6 21
d 6 22
d 6 23
d 6 24
d 6 25
d 6 26
d 6 27
d 6 28
d 6 29
d 6 30
d 6 31
d 6 32
d 6 33
d 6 34
d 6 35
d 6 36
d 6 37
d 6 38
d 6 39
d 6 40
d 6 41
d 6 42
d 6 43
d 6 44
d 6 45
d 6 46
d 6 47
d 6 48
d 6 49
d 6 50
d 6 51
d 6 52
d 6 53
d 6 54
d 6 55
d 6 56
d 6 57
d 6 58
d 6 59
d 6 60
d 6 61
d 6 62
d 6 63
d 6 64
d 6 65
d 6 66
d 6 67
d 6 68
d 6 69
d 6 70
d 6 71
d 6 72
d 6 73
d 6 74
d 6 75
d 6 76
d 6 77
d 6 78
d 6 79
d 6 80
d 6 81
d 6 82
d 6 83
d 6 84
d 6 85
d 6 86
d 6 87
d 6 88
d 6 89
d 6 90
d 6 91
d 6 92
d 6 93
d 6 94
d 6 95
d 6 96
d 6 97
d 6 98
d 6 99
d 6 100
d 7 2
d 7 3
d 7 4
d 7 5
d 7 6
d 7 7
d 7 8
d 7 9
d 7 10
d 7 11
d 7 12
d 7 13
d 7 14
d 7 15
d 7 16
d 7 17
d 7 18
d 7 19
d 7 20
d 7 21
d 7 22
d 7 23
d 7 24
d 7 25
d 7 26
d 7 27
d 7 28
d 7 29
d 7 30
d 7 31
d 7 32
d 7 33
d 7 34
d 7 35
d 7 36
d 7 37
d 7 38
d 7 39
d 7 40
d 7 41
d 7 42
d 7 43
d 7 44
d 7 45
d 7 46
d 7 47
d 7 48
d 7 49
d 7 50
d 7 51
d 7 52
d 7 53
d 7 54
d 7 55
d 7 56
d 7 57
d 7 58
d 7 59
d 7 60
d 7 61
d 7 62
d 7 63
d 7 64
d 7 65
d 7 66
d 7 67
d 7 68
d 7 69
d 7 70
d 7 71
d 7 72
d 7 73
d 7 74
d 7 75
d 7 76
d 7 77
d 7 78
d 7 79
d 7 80
d 7 81
d 7 82
d 7 83
d 7 84
d 7 85
d 7 86
d 7 87
d 7 88
d 7 89
d 7 90
d 7 91
d 7 92
d 7 93
d 7 94
d 7 95
d 7 96
d 7 97
d 7 98
d 8 3
d 7 99
d 7 100
d 8 4
d 8 5
d 8 6
d 8 7
d 8 8
d 8 9
d 8 10
d 8 11
d 8 12
d 8 13
d 8 14
d 8 15
d 8 16
d 8 17
d 8 18
d 8 19
d 8 20
d 8 21
d 8 22
d 8 23
d 8 24
d 8 25
d 8 26
d 8 27
d 8 28
d 8 29
d 8 30
d 8 31
d 8 32
d 8 33
d 8 34
d 8 35
d 8 36
d 8 37
d 8 38
d 8 39
d 8 40
d 8 41
d 8 42
d 8 43
d 8 44
d 8 45
d 8 46
d 8 47
d 8 48
d 8 49
d 8 50
d 8 51
d 8 52
d 8 53
d 8 54
d 8 55
d 8 56
d 8 57
d 8 58
d 8 59
d 8 60
d 8 61
d 8 62
d 8 63
d 8 64
d 8 65
d 8 66
d 8 67
d 8 68
d 8 69
d 8 70
d 8 71
d 8 72
d 8 73
d 8 74
d 8 75
d 8 76
d 8 77
d 8 78
d 8 79
d 8 80
d 8 81
d 8 82
d 8 83
d 8 84
d 8 85
d 8 86
d 8 87
d 8 88
d 8 89
d 8 90
d 8 91
d 8 92
d 8 93
d 8 94
d 8 95
d 8 96
d 8 97
d 8 98
d 8 99
d 8 100
Immediately stopping network packet processing.
Writing output.
/Users/manon/Library/Mobile Documents/com~apple~CloudDocs/MA3/DA/Project.nosync/CS451-2021-project/logs/proc09.output
